0 info it worked if it ends with ok
1 verbose cli [ '/usr/local/Cellar/nvm/0.32.1/versions/node/v6.9.1/bin/node',
1 verbose cli   '/usr/local/opt/nvm/versions/node/v6.9.1/bin/npm',
1 verbose cli   'run',
1 verbose cli   'release' ]
2 info using npm@3.10.8
3 info using node@v6.9.1
4 verbose run-script [ 'prerelease', 'release', 'postrelease' ]
5 info lifecycle branch-name-lint@1.0.3~prerelease: branch-name-lint@1.0.3
6 verbose lifecycle branch-name-lint@1.0.3~prerelease: unsafe-perm in lifecycle true
7 verbose lifecycle branch-name-lint@1.0.3~prerelease: PATH: /usr/local/Cellar/nvm/0.32.1/versions/node/v6.9.1/lib/node_modules/npm/bin/node-gyp-bin:/Users/ran/branch-name-lint/node_modules/.bin:/usr/local/Cellar/nvm/0.32.1/versions/node/v6.9.1/bin:/usr/local/opt/nvm/versions/node/v6.9.1/bin:/Library/Frameworks/Python.framework/Versions/3.5/bin:/usr/local/bin:/usr/bin:/bin:/usr/sbin:/sbin
8 verbose lifecycle branch-name-lint@1.0.3~prerelease: CWD: /Users/ran/branch-name-lint
9 silly lifecycle branch-name-lint@1.0.3~prerelease: Args: [ '-c', 'npm version patch && git push --follow-tags' ]
10 silly lifecycle branch-name-lint@1.0.3~prerelease: Returned: code: 1  signal: null
11 info lifecycle branch-name-lint@1.0.3~prerelease: Failed to exec prerelease script
12 verbose stack Error: branch-name-lint@1.0.3 prerelease: `npm version patch && git push --follow-tags`
12 verbose stack Exit status 1
12 verbose stack     at EventEmitter.<anonymous> (/usr/local/Cellar/nvm/0.32.1/versions/node/v6.9.1/lib/node_modules/npm/lib/utils/lifecycle.js:255:16)
12 verbose stack     at emitTwo (events.js:106:13)
12 verbose stack     at EventEmitter.emit (events.js:191:7)
12 verbose stack     at ChildProcess.<anonymous> (/usr/local/Cellar/nvm/0.32.1/versions/node/v6.9.1/lib/node_modules/npm/lib/utils/spawn.js:40:14)
12 verbose stack     at emitTwo (events.js:106:13)
12 verbose stack     at ChildProcess.emit (events.js:191:7)
12 verbose stack     at maybeClose (internal/child_process.js:877:16)
12 verbose stack     at Process.ChildProcess._handle.onexit (internal/child_process.js:226:5)
13 verbose pkgid branch-name-lint@1.0.3
14 verbose cwd /Users/ran/branch-name-lint
15 error Darwin 16.7.0
16 error argv "/usr/local/Cellar/nvm/0.32.1/versions/node/v6.9.1/bin/node" "/usr/local/opt/nvm/versions/node/v6.9.1/bin/npm" "run" "release"
17 error node v6.9.1
18 error npm  v3.10.8
19 error code ELIFECYCLE
20 error branch-name-lint@1.0.3 prerelease: `npm version patch && git push --follow-tags`
20 error Exit status 1
21 error Failed at the branch-name-lint@1.0.3 prerelease script 'npm version patch && git push --follow-tags'.
21 error Make sure you have the latest version of node.js and npm installed.
21 error If you do, this is most likely a problem with the branch-name-lint package,
21 error not with npm itself.
21 error Tell the author that this fails on your system:
21 error     npm version patch && git push --follow-tags
21 error You can get information on how to open an issue for this project with:
21 error     npm bugs branch-name-lint
21 error Or if that isn't available, you can get their info via:
21 error     npm owner ls branch-name-lint
21 error There is likely additional logging output above.
22 verbose exit [ 1, true ]
